<?xml version="1.0" encoding="UTF-8"?>
<!-- Generated by org.testng.reporters.JUnitReportReporter -->
<testsuite hostname="DESKTOP-5B3SDIE" failures="0" tests="5" name="automationpractice.CuraHealthWeb.tests.LoginTest" time="17.695" errors="0" timestamp="2025-10-08T12:33:39 EDT" skipped="0">
  <testcase classname="automationpractice.CuraHealthWeb.tests.LoginTest" name="ValidUserLogInTest" time="3.715"/>
  <testcase classname="automationpractice.CuraHealthWeb.tests.LoginTest" name="InvalidUserLogInTest" time="3.433"/>
  <testcase classname="automationpractice.CuraHealthWeb.tests.LoginTest" name="InvalidUserLogInTest" time="3.822"/>
  <testcase classname="automationpractice.CuraHealthWeb.tests.LoginTest" name="InvalidUserLogInTest" time="3.532"/>
  <testcase classname="automationpractice.CuraHealthWeb.tests.LoginTest" name="InvalidUserLogInTest" time="3.193"/>
</testsuite> <!-- automationpractice.CuraHealthWeb.tests.LoginTest -->
