<?xml version="1.0" encoding="UTF-8"?>
<!-- Generated by org.testng.reporters.JUnitReportReporter -->
<testsuite hostname="DESKTOP-5B3SDIE" failures="0" tests="1" name="automationpractice.CuraHealthWeb.tests.BookAppointmentTest" time="6.236" errors="0" timestamp="2025-09-19T23:51:03 EDT" skipped="0">
  <testcase classname="automationpractice.CuraHealthWeb.tests.BookAppointmentTest" name="bookAppointmentTest" time="6.236"/>
</testsuite> <!-- automationpractice.CuraHealthWeb.tests.BookAppointmentTest -->
