<?xml version="1.0" encoding="UTF-8"?>
<!-- Generated by org.testng.reporters.JUnitReportReporter -->
<testsuite hostname="DESKTOP-5B3SDIE" failures="0" tests="5" name="automationpractice.CuraHealthWeb.tests.LoginTest" time="22.096" errors="0" timestamp="2025-09-19T23:51:03 EDT" skipped="0">
  <testcase classname="automationpractice.CuraHealthWeb.tests.LoginTest" name="ValidUserLogInTest" time="4.217"/>
  <testcase classname="automationpractice.CuraHealthWeb.tests.LoginTest" name="InvalidUserLogInTest" time="4.586"/>
  <testcase classname="automationpractice.CuraHealthWeb.tests.LoginTest" name="InvalidUserLogInTest" time="4.362"/>
  <testcase classname="automationpractice.CuraHealthWeb.tests.LoginTest" name="InvalidUserLogInTest" time="4.624"/>
  <testcase classname="automationpractice.CuraHealthWeb.tests.LoginTest" name="InvalidUserLogInTest" time="4.307"/>
</testsuite> <!-- automationpractice.CuraHealthWeb.tests.LoginTest -->
