<?xml version="1.0" encoding="UTF-8"?>
<!-- Generated by org.testng.reporters.JUnitReportReporter -->
<testsuite hostname="DESKTOP-5B3SDIE" failures="0" tests="5" name="automationpractice.CuraHealthWeb.tests.LoginTest" time="22.997" errors="0" timestamp="2025-09-23T01:12:37 EDT" skipped="0">
  <testcase classname="automationpractice.CuraHealthWeb.tests.LoginTest" name="InvalidUserLogInTest" time="4.521"/>
  <testcase classname="automationpractice.CuraHealthWeb.tests.LoginTest" name="InvalidUserLogInTest" time="4.532"/>
  <testcase classname="automationpractice.CuraHealthWeb.tests.LoginTest" name="InvalidUserLogInTest" time="4.601"/>
  <testcase classname="automationpractice.CuraHealthWeb.tests.LoginTest" name="ValidUserLogInTest" time="5.045"/>
  <testcase classname="automationpractice.CuraHealthWeb.tests.LoginTest" name="InvalidUserLogInTest" time="4.298"/>
</testsuite> <!-- automationpractice.CuraHealthWeb.tests.LoginTest -->
