<?xml version="1.0" encoding="UTF-8"?>
<!-- Generated by org.testng.reporters.JUnitReportReporter -->
<testsuite hostname="DESKTOP-5B3SDIE" failures="0" tests="1" name="automationpractice.CuraHealthWeb.tests.BookAppointmentValidationTest" time="4.745" errors="0" timestamp="2025-09-19T23:51:03 EDT" skipped="0">
  <testcase classname="automationpractice.CuraHealthWeb.tests.BookAppointmentValidationTest" name="verifyAlertOnBookAppointment" time="4.745"/>
</testsuite> <!-- automationpractice.CuraHealthWeb.tests.BookAppointmentValidationTest -->
