<?xml version="1.0" encoding="UTF-8"?>
<!-- Generated by org.testng.reporters.JUnitReportReporter -->
<testsuite hostname="DESKTOP-5B3SDIE" failures="0" tests="1" name="automationpractice.CuraHealthWeb.tests.BookAppointmentValidations" time="6.916" errors="0" timestamp="2025-09-11T23:54:14 EDT" skipped="0">
  <testcase classname="automationpractice.CuraHealthWeb.tests.BookAppointmentValidations" name="verifyAlertOnBookAppointment" time="6.916"/>
</testsuite> <!-- automationpractice.CuraHealthWeb.tests.BookAppointmentValidations -->
