<?xml version="1.0" encoding="UTF-8"?>
<!-- Generated by org.testng.reporters.JUnitReportReporter -->
<testsuite hostname="DESKTOP-5B3SDIE" failures="0" tests="1" name="automationpractice.CuraHealthWeb.tests.BookAppointmentTest" time="6.472" errors="0" timestamp="2025-09-23T23:03:29 EDT" skipped="0">
  <testcase classname="automationpractice.CuraHealthWeb.tests.BookAppointmentTest" name="bookAppointmentTest" time="6.472"/>
</testsuite> <!-- automationpractice.CuraHealthWeb.tests.BookAppointmentTest -->
