<?xml version="1.0" encoding="UTF-8"?>
<!-- Generated by org.testng.reporters.JUnitReportReporter -->
<testsuite hostname="DESKTOP-5B3SDIE" failures="0" tests="1" name="automationpractice.CuraHealthWeb.tests.BookAppointmentTest" time="4.063" errors="0" timestamp="2025-09-29T14:03:50 EDT" skipped="0">
  <testcase classname="automationpractice.CuraHealthWeb.tests.BookAppointmentTest" name="bookAppointmentTest" time="4.063"/>
</testsuite> <!-- automationpractice.CuraHealthWeb.tests.BookAppointmentTest -->
