<?xml version="1.0" encoding="UTF-8"?>
<!-- Generated by org.testng.reporters.JUnitReportReporter -->
<testsuite hostname="DESKTOP-5B3SDIE" failures="0" tests="1" name="automationpractice.CuraHealthWeb.tests.BookAppointmentValidationTest" time="4.563" errors="0" timestamp="2025-10-08T15:39:13 EDT" skipped="0">
  <testcase classname="automationpractice.CuraHealthWeb.tests.BookAppointmentValidationTest" name="verifyAlertOnBookAppointment" time="4.563"/>
</testsuite> <!-- automationpractice.CuraHealthWeb.tests.BookAppointmentValidationTest -->
