<?xml version="1.0" encoding="UTF-8"?>
<!-- Generated by org.testng.reporters.JUnitReportReporter -->
<testsuite hostname="DESKTOP-5B3SDIE" failures="0" tests="1" name="automationpractice.CuraHealthWeb.tests.LoginTest" time="5.730" errors="0" timestamp="2025-09-11T22:58:40 EDT" skipped="0">
  <testcase classname="automationpractice.CuraHealthWeb.tests.LoginTest" name="VerifyUserLogIn" time="5.730"/>
</testsuite> <!-- automationpractice.CuraHealthWeb.tests.LoginTest -->
