<?xml version="1.0" encoding="UTF-8"?>
<!-- Generated by org.testng.reporters.JUnitReportReporter -->
<testsuite hostname="DESKTOP-5B3SDIE" failures="0" tests="1" name="automationpractice.CuraHealthWeb.tests.BookAppointmentValidationTest" time="3.301" errors="0" timestamp="2025-09-29T14:03:50 EDT" skipped="0">
  <testcase classname="automationpractice.CuraHealthWeb.tests.BookAppointmentValidationTest" name="verifyAlertOnBookAppointment" time="3.301"/>
</testsuite> <!-- automationpractice.CuraHealthWeb.tests.BookAppointmentValidationTest -->
